2011-10-18 11:37:43
-------------------
(live transaction) --> https://api-3t.paypal.com/nvp
Request Headers: 
Array
(
    [0] => Content-Type: text/namevalue
    [1] => X-VPS-Timeout: 45
    [2] => X-VPS-VIT-Client-Type: PHP/cURL
    [3] => X-VPS-VIT-Integration-Product: PHP::Zen Cart(tm) - PayPal/NVP
    [4] => X-VPS-VIT-Integration-Version: 1.3.9f
)


Request Parameters: {GetExpressCheckoutDetails} 
Array
(
    [TOKEN] => EC-3F1712474X8510715
    [REQBILLINGADDRESS] => 1
    [METHOD] => GetExpressCheckoutDetails
    [USER] => sinkspots_api1.yahoo.com
    [PWD] => ****************
    [VERSION] => 60.0
    [SIGNATURE] => ****************************************************SzWr
)


Response: 
Array
(
    [TOKEN] => EC-3F1712474X8510715
    [CHECKOUTSTATUS] => PaymentActionNotInitiated
    [TIMESTAMP] => 2011-10-18T23:37:43Z
    [CORRELATIONID] => dba304f365130
    [ACK] => Success
    [VERSION] => 60.0
    [BUILD] => 2183220
    [EMAIL] => krpolston@live.com
    [PAYERID] => UESSUJ9T8X7T4
    [PAYERSTATUS] => unverified
    [FIRSTNAME] => Kristie
    [LASTNAME] => Polston
    [COUNTRYCODE] => US
    [SHIPTONAME] => Kristie Polston
    [SHIPTOSTREET] => 6 E Highland Rd
    [SHIPTOCITY] => Parkesburg
    [SHIPTOSTATE] => PA
    [SHIPTOZIP] => 19365
    [SHIPTOCOUNTRYCODE] => US
    [SHIPTOCOUNTRYNAME] => United States
    [ADDRESSSTATUS] => Confirmed
    [CURRENCYCODE] => USD
    [AMT] => 107.00
    [ITEMAMT] => 107.00
    [SHIPPINGAMT] => 0.00
    [HANDLINGAMT] => 0.00
    [TAXAMT] => 0.00
    [INSURANCEAMT] => 0.00
    [SHIPDISCAMT] => 0.00
    [L_NAME0] => Size Small - GripStyle - Thin Stripe
    [L_NAME1] => My Other Boat Sinks
    [L_NAME2] => Sinking Guy
    [L_NAME3] => Id Rather Be Under Water
    [L_NAME4] => Sink Deep Thoughts
    [L_QTY0] => 1
    [L_QTY1] => 1
    [L_QTY2] => 3
    [L_QTY3] => 2
    [L_QTY4] => 1
    [L_TAXAMT0] => 0.00
    [L_TAXAMT1] => 0.00
    [L_TAXAMT2] => 0.00
    [L_TAXAMT3] => 0.00
    [L_TAXAMT4] => 0.00
    [L_AMT0] => 100.00
    [L_AMT1] => 1.00
    [L_AMT2] => 1.00
    [L_AMT3] => 1.00
    [L_AMT4] => 1.00
    [L_ITEMWEIGHTVALUE0] =>    0.00000
    [L_ITEMWEIGHTVALUE1] =>    0.00000
    [L_ITEMWEIGHTVALUE2] =>    0.00000
    [L_ITEMWEIGHTVALUE3] =>    0.00000
    [L_ITEMWEIGHTVALUE4] =>    0.00000
    [L_ITEMLENGTHVALUE0] =>    0.00000
    [L_ITEMLENGTHVALUE1] =>    0.00000
    [L_ITEMLENGTHVALUE2] =>    0.00000
    [L_ITEMLENGTHVALUE3] =>    0.00000
    [L_ITEMLENGTHVALUE4] =>    0.00000
    [L_ITEMWIDTHVALUE0] =>    0.00000
    [L_ITEMWIDTHVALUE1] =>    0.00000
    [L_ITEMWIDTHVALUE2] =>    0.00000
    [L_ITEMWIDTHVALUE3] =>    0.00000
    [L_ITEMWIDTHVALUE4] =>    0.00000
    [L_ITEMHEIGHTVALUE0] =>    0.00000
    [L_ITEMHEIGHTVALUE1] =>    0.00000
    [L_ITEMHEIGHTVALUE2] =>    0.00000
    [L_ITEMHEIGHTVALUE3] =>    0.00000
    [L_ITEMHEIGHTVALUE4] =>    0.00000
    [CURL_ERRORS] => 
)


GetExpressCheckoutDetails, Elapsed: 510ms -- Success

