2011-09-16 02:20:08
-------------------
(live transaction) --> https://api-3t.paypal.com/nvp
Request Headers: 
Array
(
    [0] => Content-Type: text/namevalue
    [1] => X-VPS-Timeout: 45
    [2] => X-VPS-VIT-Client-Type: PHP/cURL
    [3] => X-VPS-VIT-Integration-Product: PHP::Zen Cart(tm) - PayPal/NVP
    [4] => X-VPS-VIT-Integration-Version: 1.3.9f
)


Request Parameters: {GetExpressCheckoutDetails} 
Array
(
    [TOKEN] => EC-1RJ592872P5284403
    [REQBILLINGADDRESS] => 1
    [METHOD] => GetExpressCheckoutDetails
    [USER] => sinkspots_api1.yahoo.com
    [PWD] => ****************
    [VERSION] => 60.0
    [SIGNATURE] => ****************************************************SzWr
)


Response: 
Array
(
    [TOKEN] => EC-1RJ592872P5284403
    [CHECKOUTSTATUS] => PaymentActionNotInitiated
    [TIMESTAMP] => 2011-09-16T02:20:08Z
    [CORRELATIONID] => 5fd8d6afc2a97
    [ACK] => Success
    [VERSION] => 60.0
    [BUILD] => 2085867
    [CURRENCYCODE] => USD
    [AMT] => 1.00
    [ITEMAMT] => 1.00
    [SHIPPINGAMT] => 0.00
    [HANDLINGAMT] => 0.00
    [TAXAMT] => 0.00
    [INSURANCEAMT] => 0.00
    [SHIPDISCAMT] => 0.00
    [L_NAME0] => Sink Deep Thoughts
    [L_QTY0] => 1
    [L_TAXAMT0] => 0.00
    [L_AMT0] => 1.00
    [L_ITEMWEIGHTVALUE0] =>    0.00000
    [L_ITEMLENGTHVALUE0] =>    0.00000
    [L_ITEMWIDTHVALUE0] =>    0.00000
    [L_ITEMHEIGHTVALUE0] =>    0.00000
    [CURL_ERRORS] => 
)


GetExpressCheckoutDetails, Elapsed: 491ms -- Success

