2012-03-06 03:17:31
-------------------
(live transaction) --> https://api-3t.paypal.com/nvp
Request Headers: 
Array
(
    [0] => Content-Type: text/namevalue
    [1] => X-VPS-Timeout: 45
    [2] => X-VPS-VIT-Client-Type: PHP/cURL
    [3] => X-VPS-VIT-Integration-Product: PHP::Zen Cart(tm) - PayPal/NVP
    [4] => X-VPS-VIT-Integration-Version: 1.3.9f
)


Request Parameters: {GetExpressCheckoutDetails} 
Array
(
    [TOKEN] => EC-1WJ406591S9721903
    [REQBILLINGADDRESS] => 1
    [METHOD] => GetExpressCheckoutDetails
    [USER] => sinkspots_api1.yahoo.com
    [PWD] => ****************
    [VERSION] => 60.0
    [SIGNATURE] => ****************************************************SzWr
)


Response: 
Array
(
    [TOKEN] => EC-1WJ406591S9721903
    [CHECKOUTSTATUS] => PaymentActionNotInitiated
    [TIMESTAMP] => 2012-03-06T15:17:31Z
    [CORRELATIONID] => fd7da46249a0f
    [ACK] => Success
    [VERSION] => 60.0
    [BUILD] => 2571254
    [CURRENCYCODE] => USD
    [AMT] => 7.00
    [ITEMAMT] => 7.00
    [SHIPPINGAMT] => 0.00
    [HANDLINGAMT] => 0.00
    [TAXAMT] => 0.00
    [INSURANCEAMT] => 0.00
    [SHIPDISCAMT] => 0.00
    [L_NAME0] => Id Rather Be Under Water
    [L_NAME1] => My Other Boat Sinks
    [L_QTY0] => 5
    [L_QTY1] => 2
    [L_TAXAMT0] => 0.00
    [L_TAXAMT1] => 0.00
    [L_AMT0] => 1.00
    [L_AMT1] => 1.00
    [L_ITEMWEIGHTVALUE0] =>    0.00000
    [L_ITEMWEIGHTVALUE1] =>    0.00000
    [L_ITEMLENGTHVALUE0] =>    0.00000
    [L_ITEMLENGTHVALUE1] =>    0.00000
    [L_ITEMWIDTHVALUE0] =>    0.00000
    [L_ITEMWIDTHVALUE1] =>    0.00000
    [L_ITEMHEIGHTVALUE0] =>    0.00000
    [L_ITEMHEIGHTVALUE1] =>    0.00000
    [CURL_ERRORS] => 
)


GetExpressCheckoutDetails, Elapsed: 637ms -- Success

