2012-02-13 08:13:41
-------------------
(live transaction) --> https://api-3t.paypal.com/nvp
Request Headers: 
Array
(
    [0] => Content-Type: text/namevalue
    [1] => X-VPS-Timeout: 45
    [2] => X-VPS-VIT-Client-Type: PHP/cURL
    [3] => X-VPS-VIT-Integration-Product: PHP::Zen Cart(tm) - PayPal/NVP
    [4] => X-VPS-VIT-Integration-Version: 1.3.9f
)


Request Parameters: {GetExpressCheckoutDetails} 
Array
(
    [TOKEN] => EC-0HW08354AK4495435
    [REQBILLINGADDRESS] => 1
    [METHOD] => GetExpressCheckoutDetails
    [USER] => sinkspots_api1.yahoo.com
    [PWD] => ****************
    [VERSION] => 60.0
    [SIGNATURE] => ****************************************************SzWr
)


Response: 
Array
(
    [TOKEN] => EC-0HW08354AK4495435
    [CHECKOUTSTATUS] => PaymentActionNotInitiated
    [TIMESTAMP] => 2012-02-13T20:13:41Z
    [CORRELATIONID] => a2a06c5a37a44
    [ACK] => Success
    [VERSION] => 60.0
    [BUILD] => 2515991
    [EMAIL] => marcdibiase@southern.edu
    [PAYERID] => LTF7GW7FBD856
    [PAYERSTATUS] => unverified
    [FIRSTNAME] => marc
    [LASTNAME] => dibiase
    [COUNTRYCODE] => US
    [SHIPTONAME] => Marc DiBiase
    [SHIPTOSTREET] => 4891 Taylor Circle,
    [SHIPTOSTREET2] => Room #3309
    [SHIPTOCITY] => Collegedale
    [SHIPTOSTATE] => TN
    [SHIPTOZIP] => 37315
    [SHIPTOCOUNTRYCODE] => US
    [SHIPTOCOUNTRYNAME] => United States
    [ADDRESSSTATUS] => Confirmed
    [CURRENCYCODE] => USD
    [AMT] => 1.00
    [ITEMAMT] => 1.00
    [SHIPPINGAMT] => 0.00
    [HANDLINGAMT] => 0.00
    [TAXAMT] => 0.00
    [INSURANCEAMT] => 0.00
    [SHIPDISCAMT] => 0.00
    [L_NAME0] => Charcing In Charcing Out
    [L_QTY0] => 1
    [L_TAXAMT0] => 0.00
    [L_AMT0] => 1.00
    [L_ITEMWEIGHTVALUE0] =>    0.00000
    [L_ITEMLENGTHVALUE0] =>    0.00000
    [L_ITEMWIDTHVALUE0] =>    0.00000
    [L_ITEMHEIGHTVALUE0] =>    0.00000
    [CURL_ERRORS] => 
)


GetExpressCheckoutDetails, Elapsed: 643ms -- Success

